2024/09/16 16:59:26 [error] [system.db.CDbCommand] CDbCommand::fetchAll() failed: SQLSTATE[42S02]: Base table or view not found: 1146 Table 'klinik.tbl_migration' doesn't exist. The SQL statement executed was: SHOW FULL COLUMNS FROM `tbl_migration`.
2024/09/16 17:08:58 [error] [exception.CException] CException: Alias "srbac.SrbacModule" is invalid. Make sure it points to an existing PHP file and the file is readable. in C:\Users\user\Desktop\tes\TEST\klinik\framework\YiiBase.php:330
Stack trace:
#0 C:\Users\user\Desktop\tes\TEST\klinik\framework\YiiBase.php(204): YiiBase::import('srbac.SrbacModu...', true)
#1 C:\Users\user\Desktop\tes\TEST\klinik\framework\base\CModule.php(282): YiiBase::createComponent(Array, 'srbac', NULL, Array)
#2 C:\Users\user\Desktop\tes\TEST\klinik\framework\web\CWebApplication.php(337): CModule->getModule('srbac')
#3 C:\Users\user\Desktop\tes\TEST\klinik\framework\web\CWebApplication.php(276): CWebApplication->createController('')
#4 C:\Users\user\Desktop\tes\TEST\klinik\framework\web\CWebApplication.php(141): CWebApplication->runController('srbac')
#5 C:\Users\user\Desktop\tes\TEST\klinik\framework\base\CApplication.php(185): CWebApplication->processRequest()
#6 C:\Users\user\Desktop\tes\TEST\klinik\index.php(13): CApplication->run()
#7 {main}
REQUEST_URI=/index.php?r=srbac
---
2024/09/16 17:18:35 [error] [system.db.CDbCommand] CDbCommand::fetchAll() failed: SQLSTATE[42S02]: Base table or view not found: 1146 Table 'klinik.authassignment' doesn't exist. The SQL statement executed was: SELECT *
FROM `AuthAssignment`
WHERE userid=:userid.
in C:\Users\user\Desktop\tes\TEST\klinik\index.php (15)
2024/09/16 17:18:35 [error] [exception.CDbException] CDbException: CDbCommand failed to execute the SQL statement: SQLSTATE[42S02]: Base table or view not found: 1146 Table 'klinik.authassignment' doesn't exist. The SQL statement executed was: SELECT *
FROM `AuthAssignment`
WHERE userid=:userid in C:\Users\user\Desktop\tes\TEST\klinik\framework\db\CDbCommand.php:543
Stack trace:
#0 C:\Users\user\Desktop\tes\TEST\klinik\framework\db\CDbCommand.php(396): CDbCommand->queryInternal('fetchAll', Array, Array)
#1 C:\Users\user\Desktop\tes\TEST\klinik\framework\web\auth\CDbAuthManager.php(337): CDbCommand->queryAll()
#2 C:\Users\user\Desktop\tes\TEST\klinik\framework\web\auth\CDbAuthManager.php(74): CDbAuthManager->getAuthAssignments('admin')
#3 C:\Users\user\Desktop\tes\TEST\klinik\framework\web\auth\CWebUser.php(817): CDbAuthManager->checkAccess('admin', 'admin', Array)
#4 C:\Users\user\Desktop\tes\TEST\klinik\framework\web\auth\CAccessControlFilter.php(347): CWebUser->checkAccess('admin')
#5 C:\Users\user\Desktop\tes\TEST\klinik\framework\web\auth\CAccessControlFilter.php(285): CAccessRule->isRoleMatched(Object(CWebUser))
#6 C:\Users\user\Desktop\tes\TEST\klinik\framework\web\auth\CAccessControlFilter.php(138): CAccessRule->isUserAllowed(Object(CWebUser), Object(PasienController), Object(CInlineAction), '::1', 'GET')
#7 C:\Users\user\Desktop\tes\TEST\klinik\framework\web\filters\CFilter.php(38): CAccessControlFilter->preFilter(Object(CFilterChain))
#8 C:\Users\user\Desktop\tes\TEST\klinik\framework\web\CController.php(1148): CFilter->filter(Object(CFilterChain))
#9 C:\Users\user\Desktop\tes\TEST\klinik\framework\web\filters\CInlineFilter.php(58): CController->filterAccessControl(Object(CFilterChain))
#10 C:\Users\user\Desktop\tes\TEST\klinik\framework\web\filters\CFilterChain.php(131): CInlineFilter->filter(Object(CFilterChain))
#11 C:\Users\user\Desktop\tes\TEST\klinik\framework\web\CController.php(291): CFilterChain->run()
#12 C:\Users\user\Desktop\tes\TEST\klinik\framework\web\CController.php(265): CController->runActionWithFilters(Object(CInlineAction), Array)
#13 C:\Users\user\Desktop\tes\TEST\klinik\framework\web\CWebApplication.php(282): CController->run('index')
#14 C:\Users\user\Desktop\tes\TEST\klinik\framework\web\CWebApplication.php(141): CWebApplication->runController('pasien/index')
#15 C:\Users\user\Desktop\tes\TEST\klinik\framework\base\CApplication.php(185): CWebApplication->processRequest()
#16 C:\Users\user\Desktop\tes\TEST\klinik\index.php(15): CApplication->run()
#17 {main}
REQUEST_URI=/index.php?r=pasien/index
HTTP_REFERER=http://localhost:8080/index.php
---
2024/09/16 17:28:37 [error] [system.db.CDbCommand] CDbCommand::fetchAll() failed: SQLSTATE[42S02]: Base table or view not found: 1146 Table 'klinik.authassignment' doesn't exist. The SQL statement executed was: SELECT *
FROM `AuthAssignment`
WHERE userid=:userid.
in C:\Users\user\Desktop\tes\TEST\klinik\index.php (15)
2024/09/16 17:28:37 [error] [exception.CDbException] CDbException: CDbCommand failed to execute the SQL statement: SQLSTATE[42S02]: Base table or view not found: 1146 Table 'klinik.authassignment' doesn't exist. The SQL statement executed was: SELECT *
FROM `AuthAssignment`
WHERE userid=:userid in C:\Users\user\Desktop\tes\TEST\klinik\framework\db\CDbCommand.php:543
Stack trace:
#0 C:\Users\user\Desktop\tes\TEST\klinik\framework\db\CDbCommand.php(396): CDbCommand->queryInternal('fetchAll', Array, Array)
#1 C:\Users\user\Desktop\tes\TEST\klinik\framework\web\auth\CDbAuthManager.php(337): CDbCommand->queryAll()
#2 C:\Users\user\Desktop\tes\TEST\klinik\framework\web\auth\CDbAuthManager.php(74): CDbAuthManager->getAuthAssignments('admin')
#3 C:\Users\user\Desktop\tes\TEST\klinik\framework\web\auth\CWebUser.php(817): CDbAuthManager->checkAccess('admin', 'admin', Array)
#4 C:\Users\user\Desktop\tes\TEST\klinik\framework\web\auth\CAccessControlFilter.php(347): CWebUser->checkAccess('admin')
#5 C:\Users\user\Desktop\tes\TEST\klinik\framework\web\auth\CAccessControlFilter.php(285): CAccessRule->isRoleMatched(Object(CWebUser))
#6 C:\Users\user\Desktop\tes\TEST\klinik\framework\web\auth\CAccessControlFilter.php(138): CAccessRule->isUserAllowed(Object(CWebUser), Object(PasienController), Object(CInlineAction), '::1', 'GET')
#7 C:\Users\user\Desktop\tes\TEST\klinik\framework\web\filters\CFilter.php(38): CAccessControlFilter->preFilter(Object(CFilterChain))
#8 C:\Users\user\Desktop\tes\TEST\klinik\framework\web\CController.php(1148): CFilter->filter(Object(CFilterChain))
#9 C:\Users\user\Desktop\tes\TEST\klinik\framework\web\filters\CInlineFilter.php(58): CController->filterAccessControl(Object(CFilterChain))
#10 C:\Users\user\Desktop\tes\TEST\klinik\framework\web\filters\CFilterChain.php(131): CInlineFilter->filter(Object(CFilterChain))
#11 C:\Users\user\Desktop\tes\TEST\klinik\framework\web\CController.php(291): CFilterChain->run()
#12 C:\Users\user\Desktop\tes\TEST\klinik\framework\web\CController.php(265): CController->runActionWithFilters(Object(CInlineAction), Array)
#13 C:\Users\user\Desktop\tes\TEST\klinik\framework\web\CWebApplication.php(282): CController->run('index')
#14 C:\Users\user\Desktop\tes\TEST\klinik\framework\web\CWebApplication.php(141): CWebApplication->runController('pasien/index')
#15 C:\Users\user\Desktop\tes\TEST\klinik\framework\base\CApplication.php(185): CWebApplication->processRequest()
#16 C:\Users\user\Desktop\tes\TEST\klinik\index.php(15): CApplication->run()
#17 {main}
REQUEST_URI=/index.php?r=pasien/index
HTTP_REFERER=http://localhost:8080/index.php
---
2024/09/16 17:29:10 [error] [system.db.CDbCommand] CDbCommand::fetchAll() failed: SQLSTATE[42S02]: Base table or view not found: 1146 Table 'klinik.authassignment' doesn't exist. The SQL statement executed was: SELECT *
FROM `AuthAssignment`
WHERE userid=:userid.
in C:\Users\user\Desktop\tes\TEST\klinik\index.php (15)
2024/09/16 17:29:10 [error] [exception.CDbException] CDbException: CDbCommand failed to execute the SQL statement: SQLSTATE[42S02]: Base table or view not found: 1146 Table 'klinik.authassignment' doesn't exist. The SQL statement executed was: SELECT *
FROM `AuthAssignment`
WHERE userid=:userid in C:\Users\user\Desktop\tes\TEST\klinik\framework\db\CDbCommand.php:543
Stack trace:
#0 C:\Users\user\Desktop\tes\TEST\klinik\framework\db\CDbCommand.php(396): CDbCommand->queryInternal('fetchAll', Array, Array)
#1 C:\Users\user\Desktop\tes\TEST\klinik\framework\web\auth\CDbAuthManager.php(337): CDbCommand->queryAll()
#2 C:\Users\user\Desktop\tes\TEST\klinik\framework\web\auth\CDbAuthManager.php(74): CDbAuthManager->getAuthAssignments('admin')
#3 C:\Users\user\Desktop\tes\TEST\klinik\framework\web\auth\CWebUser.php(817): CDbAuthManager->checkAccess('admin', 'admin', Array)
#4 C:\Users\user\Desktop\tes\TEST\klinik\framework\web\auth\CAccessControlFilter.php(347): CWebUser->checkAccess('admin')
#5 C:\Users\user\Desktop\tes\TEST\klinik\framework\web\auth\CAccessControlFilter.php(285): CAccessRule->isRoleMatched(Object(CWebUser))
#6 C:\Users\user\Desktop\tes\TEST\klinik\framework\web\auth\CAccessControlFilter.php(138): CAccessRule->isUserAllowed(Object(CWebUser), Object(PasienController), Object(CInlineAction), '::1', 'GET')
#7 C:\Users\user\Desktop\tes\TEST\klinik\framework\web\filters\CFilter.php(38): CAccessControlFilter->preFilter(Object(CFilterChain))
#8 C:\Users\user\Desktop\tes\TEST\klinik\framework\web\CController.php(1148): CFilter->filter(Object(CFilterChain))
#9 C:\Users\user\Desktop\tes\TEST\klinik\framework\web\filters\CInlineFilter.php(58): CController->filterAccessControl(Object(CFilterChain))
#10 C:\Users\user\Desktop\tes\TEST\klinik\framework\web\filters\CFilterChain.php(131): CInlineFilter->filter(Object(CFilterChain))
#11 C:\Users\user\Desktop\tes\TEST\klinik\framework\web\CController.php(291): CFilterChain->run()
#12 C:\Users\user\Desktop\tes\TEST\klinik\framework\web\CController.php(265): CController->runActionWithFilters(Object(CInlineAction), Array)
#13 C:\Users\user\Desktop\tes\TEST\klinik\framework\web\CWebApplication.php(282): CController->run('index')
#14 C:\Users\user\Desktop\tes\TEST\klinik\framework\web\CWebApplication.php(141): CWebApplication->runController('pasien/index')
#15 C:\Users\user\Desktop\tes\TEST\klinik\framework\base\CApplication.php(185): CWebApplication->processRequest()
#16 C:\Users\user\Desktop\tes\TEST\klinik\index.php(15): CApplication->run()
#17 {main}
REQUEST_URI=/index.php?r=pasien/index
HTTP_REFERER=http://localhost:8080/index.php
---
2024/09/16 17:30:32 [error] [exception.CHttpException.404] CHttpException: The system is unable to find the requested action "index". in C:\Users\user\Desktop\tes\TEST\klinik\framework\web\CController.php:486
Stack trace:
#0 C:\Users\user\Desktop\tes\TEST\klinik\framework\web\CController.php(270): CController->missingAction('')
#1 C:\Users\user\Desktop\tes\TEST\klinik\framework\web\CWebApplication.php(282): CController->run('')
#2 C:\Users\user\Desktop\tes\TEST\klinik\framework\web\CWebApplication.php(141): CWebApplication->runController('')
#3 C:\Users\user\Desktop\tes\TEST\klinik\framework\base\CApplication.php(185): CWebApplication->processRequest()
#4 C:\Users\user\Desktop\tes\TEST\klinik\index.php(15): CApplication->run()
#5 {main}
REQUEST_URI=/index.php
HTTP_REFERER=http://localhost:8080/index.php?r=site/login
---
2024/09/16 17:30:37 [error] [exception.CHttpException.404] CHttpException: The system is unable to find the requested action "index". in C:\Users\user\Desktop\tes\TEST\klinik\framework\web\CController.php:486
Stack trace:
#0 C:\Users\user\Desktop\tes\TEST\klinik\framework\web\CController.php(270): CController->missingAction('')
#1 C:\Users\user\Desktop\tes\TEST\klinik\framework\web\CWebApplication.php(282): CController->run('')
#2 C:\Users\user\Desktop\tes\TEST\klinik\framework\web\CWebApplication.php(141): CWebApplication->runController('')
#3 C:\Users\user\Desktop\tes\TEST\klinik\framework\base\CApplication.php(185): CWebApplication->processRequest()
#4 C:\Users\user\Desktop\tes\TEST\klinik\index.php(15): CApplication->run()
#5 {main}
REQUEST_URI=/index.php
HTTP_REFERER=http://localhost:8080/index.php?r=site/login
---
2024/09/16 17:31:58 [error] [exception.CHttpException.404] CHttpException: The system is unable to find the requested action "index". in C:\Users\user\Desktop\tes\TEST\klinik\framework\web\CController.php:486
Stack trace:
#0 C:\Users\user\Desktop\tes\TEST\klinik\framework\web\CController.php(270): CController->missingAction('')
#1 C:\Users\user\Desktop\tes\TEST\klinik\framework\web\CWebApplication.php(282): CController->run('')
#2 C:\Users\user\Desktop\tes\TEST\klinik\framework\web\CWebApplication.php(141): CWebApplication->runController('')
#3 C:\Users\user\Desktop\tes\TEST\klinik\framework\base\CApplication.php(185): CWebApplication->processRequest()
#4 C:\Users\user\Desktop\tes\TEST\klinik\index.php(15): CApplication->run()
#5 {main}
REQUEST_URI=/index.php
HTTP_REFERER=http://localhost:8080/index.php?r=site/login
---
2024/09/16 17:34:21 [error] [system.db.CDbCommand] CDbCommand::fetchAll() failed: SQLSTATE[42S02]: Base table or view not found: 1146 Table 'klinik.authassignment' doesn't exist. The SQL statement executed was: SELECT *
FROM `AuthAssignment`
WHERE userid=:userid.
in C:\Users\user\Desktop\tes\TEST\klinik\index.php (15)
2024/09/16 17:34:21 [error] [exception.CDbException] CDbException: CDbCommand failed to execute the SQL statement: SQLSTATE[42S02]: Base table or view not found: 1146 Table 'klinik.authassignment' doesn't exist. The SQL statement executed was: SELECT *
FROM `AuthAssignment`
WHERE userid=:userid in C:\Users\user\Desktop\tes\TEST\klinik\framework\db\CDbCommand.php:543
Stack trace:
#0 C:\Users\user\Desktop\tes\TEST\klinik\framework\db\CDbCommand.php(396): CDbCommand->queryInternal('fetchAll', Array, Array)
#1 C:\Users\user\Desktop\tes\TEST\klinik\framework\web\auth\CDbAuthManager.php(337): CDbCommand->queryAll()
#2 C:\Users\user\Desktop\tes\TEST\klinik\framework\web\auth\CDbAuthManager.php(74): CDbAuthManager->getAuthAssignments('admin')
#3 C:\Users\user\Desktop\tes\TEST\klinik\framework\web\auth\CWebUser.php(817): CDbAuthManager->checkAccess('admin', 'admin', Array)
#4 C:\Users\user\Desktop\tes\TEST\klinik\framework\web\auth\CAccessControlFilter.php(347): CWebUser->checkAccess('admin')
#5 C:\Users\user\Desktop\tes\TEST\klinik\framework\web\auth\CAccessControlFilter.php(285): CAccessRule->isRoleMatched(Object(CWebUser))
#6 C:\Users\user\Desktop\tes\TEST\klinik\framework\web\auth\CAccessControlFilter.php(138): CAccessRule->isUserAllowed(Object(CWebUser), Object(PasienController), Object(CInlineAction), '::1', 'GET')
#7 C:\Users\user\Desktop\tes\TEST\klinik\framework\web\filters\CFilter.php(38): CAccessControlFilter->preFilter(Object(CFilterChain))
#8 C:\Users\user\Desktop\tes\TEST\klinik\framework\web\CController.php(1148): CFilter->filter(Object(CFilterChain))
#9 C:\Users\user\Desktop\tes\TEST\klinik\framework\web\filters\CInlineFilter.php(58): CController->filterAccessControl(Object(CFilterChain))
#10 C:\Users\user\Desktop\tes\TEST\klinik\framework\web\filters\CFilterChain.php(131): CInlineFilter->filter(Object(CFilterChain))
#11 C:\Users\user\Desktop\tes\TEST\klinik\framework\web\CController.php(291): CFilterChain->run()
#12 C:\Users\user\Desktop\tes\TEST\klinik\framework\web\CController.php(265): CController->runActionWithFilters(Object(CInlineAction), Array)
#13 C:\Users\user\Desktop\tes\TEST\klinik\framework\web\CWebApplication.php(282): CController->run('index')
#14 C:\Users\user\Desktop\tes\TEST\klinik\framework\web\CWebApplication.php(141): CWebApplication->runController('pasien/index')
#15 C:\Users\user\Desktop\tes\TEST\klinik\framework\base\CApplication.php(185): CWebApplication->processRequest()
#16 C:\Users\user\Desktop\tes\TEST\klinik\index.php(15): CApplication->run()
#17 {main}
REQUEST_URI=/index.php?r=pasien/index
HTTP_REFERER=http://localhost:8080/index.php
---
2024/09/16 17:39:32 [error] [exception.CHttpException.403] CHttpException: You are not authorized to perform this action. in C:\Users\user\Desktop\tes\TEST\klinik\framework\web\auth\CAccessControlFilter.php:183
Stack trace:
#0 C:\Users\user\Desktop\tes\TEST\klinik\framework\web\auth\CAccessControlFilter.php(145): CAccessControlFilter->accessDenied(Object(CWebUser), 'You are not aut...')
#1 C:\Users\user\Desktop\tes\TEST\klinik\framework\web\filters\CFilter.php(38): CAccessControlFilter->preFilter(Object(CFilterChain))
#2 C:\Users\user\Desktop\tes\TEST\klinik\framework\web\CController.php(1148): CFilter->filter(Object(CFilterChain))
#3 C:\Users\user\Desktop\tes\TEST\klinik\framework\web\filters\CInlineFilter.php(58): CController->filterAccessControl(Object(CFilterChain))
#4 C:\Users\user\Desktop\tes\TEST\klinik\framework\web\filters\CFilterChain.php(131): CInlineFilter->filter(Object(CFilterChain))
#5 C:\Users\user\Desktop\tes\TEST\klinik\framework\web\CController.php(291): CFilterChain->run()
#6 C:\Users\user\Desktop\tes\TEST\klinik\framework\web\CController.php(265): CController->runActionWithFilters(Object(CInlineAction), Array)
#7 C:\Users\user\Desktop\tes\TEST\klinik\framework\web\CWebApplication.php(282): CController->run('index')
#8 C:\Users\user\Desktop\tes\TEST\klinik\framework\web\CWebApplication.php(141): CWebApplication->runController('pasien/index')
#9 C:\Users\user\Desktop\tes\TEST\klinik\framework\base\CApplication.php(185): CWebApplication->processRequest()
#10 C:\Users\user\Desktop\tes\TEST\klinik\index.php(15): CApplication->run()
#11 {main}
REQUEST_URI=/index.php?r=pasien/index
HTTP_REFERER=http://localhost:8080/index.php
---
2024/09/16 17:39:40 [error] [exception.CHttpException.403] CHttpException: You are not authorized to perform this action. in C:\Users\user\Desktop\tes\TEST\klinik\framework\web\auth\CAccessControlFilter.php:183
Stack trace:
#0 C:\Users\user\Desktop\tes\TEST\klinik\framework\web\auth\CAccessControlFilter.php(145): CAccessControlFilter->accessDenied(Object(CWebUser), 'You are not aut...')
#1 C:\Users\user\Desktop\tes\TEST\klinik\framework\web\filters\CFilter.php(38): CAccessControlFilter->preFilter(Object(CFilterChain))
#2 C:\Users\user\Desktop\tes\TEST\klinik\framework\web\CController.php(1148): CFilter->filter(Object(CFilterChain))
#3 C:\Users\user\Desktop\tes\TEST\klinik\framework\web\filters\CInlineFilter.php(58): CController->filterAccessControl(Object(CFilterChain))
#4 C:\Users\user\Desktop\tes\TEST\klinik\framework\web\filters\CFilterChain.php(131): CInlineFilter->filter(Object(CFilterChain))
#5 C:\Users\user\Desktop\tes\TEST\klinik\framework\web\CController.php(291): CFilterChain->run()
#6 C:\Users\user\Desktop\tes\TEST\klinik\framework\web\CController.php(265): CController->runActionWithFilters(Object(CInlineAction), Array)
#7 C:\Users\user\Desktop\tes\TEST\klinik\framework\web\CWebApplication.php(282): CController->run('index')
#8 C:\Users\user\Desktop\tes\TEST\klinik\framework\web\CWebApplication.php(141): CWebApplication->runController('pasien/index')
#9 C:\Users\user\Desktop\tes\TEST\klinik\framework\base\CApplication.php(185): CWebApplication->processRequest()
#10 C:\Users\user\Desktop\tes\TEST\klinik\index.php(15): CApplication->run()
#11 {main}
REQUEST_URI=/index.php?r=pasien/index
HTTP_REFERER=http://localhost:8080/index.php
---
2024/09/16 17:43:29 [warning] [application] Failed to set unsafe attribute "rememberMe" of "LoginForm".
in C:\Users\user\Desktop\tes\TEST\klinik\protected\controllers\SiteController.php (17)
in C:\Users\user\Desktop\tes\TEST\klinik\index.php (15)
2024/09/16 17:43:31 [error] [exception.CException] CException: User and its behaviors do not have a method or closure named "validatePassword". in C:\Users\user\Desktop\tes\TEST\klinik\framework\base\CComponent.php:264
Stack trace:
#0 C:\Users\user\Desktop\tes\TEST\klinik\framework\db\ar\CActiveRecord.php(229): CComponent->__call('validatePasswor...', Array)
#1 C:\Users\user\Desktop\tes\TEST\klinik\protected\models\LoginForm.php(19): CActiveRecord->__call('validatePasswor...', Array)
#2 C:\Users\user\Desktop\tes\TEST\klinik\framework\validators\CInlineValidator.php(42): LoginForm->authenticate('password', Array)
#3 C:\Users\user\Desktop\tes\TEST\klinik\framework\validators\CValidator.php(201): CInlineValidator->validateAttribute(Object(LoginForm), 'password')
#4 C:\Users\user\Desktop\tes\TEST\klinik\framework\base\CModel.php(159): CValidator->validate(Object(LoginForm), Array)
#5 C:\Users\user\Desktop\tes\TEST\klinik\protected\controllers\SiteController.php(20): CModel->validate()
#6 C:\Users\user\Desktop\tes\TEST\klinik\framework\web\actions\CInlineAction.php(49): SiteController->actionLogin()
#7 C:\Users\user\Desktop\tes\TEST\klinik\framework\web\CController.php(308): CInlineAction->runWithParams(Array)
#8 C:\Users\user\Desktop\tes\TEST\klinik\framework\web\CController.php(286): CController->runAction(Object(CInlineAction))
#9 C:\Users\user\Desktop\tes\TEST\klinik\framework\web\CController.php(265): CController->runActionWithFilters(Object(CInlineAction), Array)
#10 C:\Users\user\Desktop\tes\TEST\klinik\framework\web\CWebApplication.php(282): CController->run('login')
#11 C:\Users\user\Desktop\tes\TEST\klinik\framework\web\CWebApplication.php(141): CWebApplication->runController('site/login')
#12 C:\Users\user\Desktop\tes\TEST\klinik\framework\base\CApplication.php(185): CWebApplication->processRequest()
#13 C:\Users\user\Desktop\tes\TEST\klinik\index.php(15): CApplication->run()
#14 {main}
REQUEST_URI=/index.php?r=site/login
HTTP_REFERER=http://localhost:8080/index.php?r=site/login
---
2024/09/16 17:43:43 [error] [exception.CException] CException: Property "LoginForm.rememberMe" is not defined. in C:\Users\user\Desktop\tes\TEST\klinik\framework\base\CComponent.php:130
Stack trace:
#0 C:\Users\user\Desktop\tes\TEST\klinik\framework\web\helpers\CHtml.php(2784): CComponent->__get('rememberMe')
#1 C:\Users\user\Desktop\tes\TEST\klinik\framework\web\helpers\CHtml.php(1947): CHtml::resolveValue(Object(LoginForm), 'rememberMe')
#2 C:\Users\user\Desktop\tes\TEST\klinik\framework\web\widgets\CActiveForm.php(899): CHtml::activeCheckBox(Object(LoginForm), 'rememberMe', Array)
#3 C:\Users\user\Desktop\tes\TEST\klinik\protected\views\site\login.php(34): CActiveForm->checkBox(Object(LoginForm), 'rememberMe')
#4 C:\Users\user\Desktop\tes\TEST\klinik\framework\web\CBaseController.php(126): require('C:\\Users\\user\\D...')
#5 C:\Users\user\Desktop\tes\TEST\klinik\framework\web\CBaseController.php(95): CBaseController->renderInternal('C:\\Users\\user\\D...', Array, true)
#6 C:\Users\user\Desktop\tes\TEST\klinik\framework\web\CController.php(872): CBaseController->renderFile('C:\\Users\\user\\D...', Array, true)
#7 C:\Users\user\Desktop\tes\TEST\klinik\framework\web\CController.php(785): CController->renderPartial('login', Array, true)
#8 C:\Users\user\Desktop\tes\TEST\klinik\protected\controllers\SiteController.php(26): CController->render('login', Array)
#9 C:\Users\user\Desktop\tes\TEST\klinik\framework\web\actions\CInlineAction.php(49): SiteController->actionLogin()
#10 C:\Users\user\Desktop\tes\TEST\klinik\framework\web\CController.php(308): CInlineAction->runWithParams(Array)
#11 C:\Users\user\Desktop\tes\TEST\klinik\framework\web\CController.php(286): CController->runAction(Object(CInlineAction))
#12 C:\Users\user\Desktop\tes\TEST\klinik\framework\web\CController.php(265): CController->runActionWithFilters(Object(CInlineAction), Array)
#13 C:\Users\user\Desktop\tes\TEST\klinik\framework\web\CWebApplication.php(282): CController->run('login')
#14 C:\Users\user\Desktop\tes\TEST\klinik\framework\web\CWebApplication.php(141): CWebApplication->runController('site/login')
#15 C:\Users\user\Desktop\tes\TEST\klinik\framework\base\CApplication.php(185): CWebApplication->processRequest()
#16 C:\Users\user\Desktop\tes\TEST\klinik\index.php(15): CApplication->run()
#17 {main}
REQUEST_URI=/index.php?r=site/login
HTTP_REFERER=http://localhost:8080/index.php
---
2024/09/16 17:45:09 [error] [exception.CException] CException: User and its behaviors do not have a method or closure named "validatePassword". in C:\Users\user\Desktop\tes\TEST\klinik\framework\base\CComponent.php:264
Stack trace:
#0 C:\Users\user\Desktop\tes\TEST\klinik\framework\db\ar\CActiveRecord.php(229): CComponent->__call('validatePasswor...', Array)
#1 C:\Users\user\Desktop\tes\TEST\klinik\protected\models\LoginForm.php(28): CActiveRecord->__call('validatePasswor...', Array)
#2 C:\Users\user\Desktop\tes\TEST\klinik\framework\validators\CInlineValidator.php(42): LoginForm->authenticate('password', Array)
#3 C:\Users\user\Desktop\tes\TEST\klinik\framework\validators\CValidator.php(201): CInlineValidator->validateAttribute(Object(LoginForm), 'password')
#4 C:\Users\user\Desktop\tes\TEST\klinik\framework\base\CModel.php(159): CValidator->validate(Object(LoginForm), Array)
#5 C:\Users\user\Desktop\tes\TEST\klinik\protected\controllers\SiteController.php(20): CModel->validate()
#6 C:\Users\user\Desktop\tes\TEST\klinik\framework\web\actions\CInlineAction.php(49): SiteController->actionLogin()
#7 C:\Users\user\Desktop\tes\TEST\klinik\framework\web\CController.php(308): CInlineAction->runWithParams(Array)
#8 C:\Users\user\Desktop\tes\TEST\klinik\framework\web\CController.php(286): CController->runAction(Object(CInlineAction))
#9 C:\Users\user\Desktop\tes\TEST\klinik\framework\web\CController.php(265): CController->runActionWithFilters(Object(CInlineAction), Array)
#10 C:\Users\user\Desktop\tes\TEST\klinik\framework\web\CWebApplication.php(282): CController->run('login')
#11 C:\Users\user\Desktop\tes\TEST\klinik\framework\web\CWebApplication.php(141): CWebApplication->runController('site/login')
#12 C:\Users\user\Desktop\tes\TEST\klinik\framework\base\CApplication.php(185): CWebApplication->processRequest()
#13 C:\Users\user\Desktop\tes\TEST\klinik\index.php(15): CApplication->run()
#14 {main}
REQUEST_URI=/index.php?r=site/login
HTTP_REFERER=http://localhost:8080/index.php?r=site/login
---
2024/09/16 20:03:39 [error] [system.db.CDbCommand] CDbCommand::execute() failed: SQLSTATE[42S01]: Base table or view already exists: 1050 Table 'authitem' already exists. The SQL statement executed was: CREATE TABLE `authitem` (
	`name` varchar(64) NOT NULL PRIMARY KEY,
	`type` int(11) NOT NULL,
	`description` text,
	`bizrule` text,
	`data` text
).
2024/09/16 20:03:39 [error] [exception.CDbException] CDbException: CDbCommand failed to execute the SQL statement: SQLSTATE[42S01]: Base table or view already exists: 1050 Table 'authitem' already exists. The SQL statement executed was: CREATE TABLE `authitem` (
	`name` varchar(64) NOT NULL PRIMARY KEY,
	`type` int(11) NOT NULL,
	`description` text,
	`bizrule` text,
	`data` text
) in C:\Users\user\Desktop\tes\TEST\klinik\framework\db\CDbCommand.php:358
Stack trace:
#0 C:\Users\user\Desktop\tes\TEST\klinik\framework\db\CDbCommand.php(1352): CDbCommand->execute()
#1 C:\Users\user\Desktop\tes\TEST\klinik\framework\db\CDbMigration.php(250): CDbCommand->createTable('authitem', Array, NULL)
#2 C:\Users\user\Desktop\tes\TEST\klinik\protected\migrations\m240916_180306_create_srbac_tables.php(8): CDbMigration->createTable('authitem', Array)
#3 C:\Users\user\Desktop\tes\TEST\klinik\framework\cli\commands\MigrateCommand.php(415): m240916_180306_create_srbac_tables->up()
#4 C:\Users\user\Desktop\tes\TEST\klinik\framework\cli\commands\MigrateCommand.php(109): MigrateCommand->migrateUp('m240916_180306_...')
#5 [internal function]: MigrateCommand->actionUp(Array)
#6 C:\Users\user\Desktop\tes\TEST\klinik\framework\console\CConsoleCommand.php(177): ReflectionMethod->invokeArgs(Object(MigrateCommand), Array)
#7 C:\Users\user\Desktop\tes\TEST\klinik\framework\console\CConsoleCommandRunner.php(71): CConsoleCommand->run(Array)
#8 C:\Users\user\Desktop\tes\TEST\klinik\framework\console\CConsoleApplication.php(92): CConsoleCommandRunner->run(Array)
#9 C:\Users\user\Desktop\tes\TEST\klinik\framework\base\CApplication.php(185): CConsoleApplication->processRequest()
#10 C:\Users\user\Desktop\tes\TEST\klinik\framework\yiic.php(33): CApplication->run()
#11 C:\Users\user\Desktop\tes\TEST\klinik\protected\yiic.php(7): require_once('C:\\Users\\user\\D...')
#12 C:\Users\user\Desktop\tes\TEST\klinik\protected\yiic(4): require_once('C:\\Users\\user\\D...')
#13 {main}
---
2024/09/16 20:22:50 [error] [exception.CException] CException: SiteController cannot find the requested view "login". in C:\Users\user\Desktop\tes\TEST\klinik\framework\web\CController.php:881
Stack trace:
#0 C:\Users\user\Desktop\tes\TEST\klinik\framework\web\CController.php(785): CController->renderPartial('login', Array, true)
#1 C:\Users\user\Desktop\tes\TEST\klinik\protected\controllers\SiteController.php(26): CController->render('login', Array)
#2 C:\Users\user\Desktop\tes\TEST\klinik\framework\web\actions\CInlineAction.php(49): SiteController->actionLogin()
#3 C:\Users\user\Desktop\tes\TEST\klinik\framework\web\CController.php(308): CInlineAction->runWithParams(Array)
#4 C:\Users\user\Desktop\tes\TEST\klinik\framework\web\CController.php(286): CController->runAction(Object(CInlineAction))
#5 C:\Users\user\Desktop\tes\TEST\klinik\framework\web\CController.php(265): CController->runActionWithFilters(Object(CInlineAction), Array)
#6 C:\Users\user\Desktop\tes\TEST\klinik\framework\web\CWebApplication.php(282): CController->run('login')
#7 C:\Users\user\Desktop\tes\TEST\klinik\framework\web\CWebApplication.php(141): CWebApplication->runController('site/login')
#8 C:\Users\user\Desktop\tes\TEST\klinik\framework\base\CApplication.php(185): CWebApplication->processRequest()
#9 C:\Users\user\Desktop\tes\TEST\klinik\index.php(15): CApplication->run()
#10 {main}
REQUEST_URI=/site/login
HTTP_REFERER=http://localhost:8080/
---
2024/09/16 20:30:01 [error] [exception.CHttpException.404] CHttpException: Unable to resolve the request "klinik/user/register". in C:\Users\user\Desktop\tes\TEST\klinik\framework\web\CWebApplication.php:286
Stack trace:
#0 C:\Users\user\Desktop\tes\TEST\klinik\framework\web\CWebApplication.php(141): CWebApplication->runController('klinik/user/reg...')
#1 C:\Users\user\Desktop\tes\TEST\klinik\framework\base\CApplication.php(185): CWebApplication->processRequest()
#2 C:\Users\user\Desktop\tes\TEST\klinik\index.php(15): CApplication->run()
#3 {main}
REQUEST_URI=/klinik/user/register
---
2024/09/16 20:40:49 [error] [exception.CHttpException.404] CHttpException: The system is unable to find the requested action "site". in C:\Users\user\Desktop\tes\TEST\klinik\framework\web\CController.php:486
Stack trace:
#0 C:\Users\user\Desktop\tes\TEST\klinik\framework\web\CController.php(270): CController->missingAction('site')
#1 C:\Users\user\Desktop\tes\TEST\klinik\framework\web\CWebApplication.php(282): CController->run('site')
#2 C:\Users\user\Desktop\tes\TEST\klinik\framework\web\CWebApplication.php(141): CWebApplication->runController('user/site/login')
#3 C:\Users\user\Desktop\tes\TEST\klinik\framework\base\CApplication.php(185): CWebApplication->processRequest()
#4 C:\Users\user\Desktop\tes\TEST\klinik\index.php(15): CApplication->run()
#5 {main}
REQUEST_URI=/user/site/login
HTTP_REFERER=http://localhost:8080/
---
2024/09/16 20:41:18 [error] [exception.CException] CException: SiteController cannot find the requested view "login". in C:\Users\user\Desktop\tes\TEST\klinik\framework\web\CController.php:881
Stack trace:
#0 C:\Users\user\Desktop\tes\TEST\klinik\framework\web\CController.php(785): CController->renderPartial('login', Array, true)
#1 C:\Users\user\Desktop\tes\TEST\klinik\protected\controllers\SiteController.php(28): CController->render('login', Array)
#2 C:\Users\user\Desktop\tes\TEST\klinik\framework\web\actions\CInlineAction.php(49): SiteController->actionLogin()
#3 C:\Users\user\Desktop\tes\TEST\klinik\framework\web\CController.php(308): CInlineAction->runWithParams(Array)
#4 C:\Users\user\Desktop\tes\TEST\klinik\framework\web\CController.php(286): CController->runAction(Object(CInlineAction))
#5 C:\Users\user\Desktop\tes\TEST\klinik\framework\web\CController.php(265): CController->runActionWithFilters(Object(CInlineAction), Array)
#6 C:\Users\user\Desktop\tes\TEST\klinik\framework\web\CWebApplication.php(282): CController->run('login')
#7 C:\Users\user\Desktop\tes\TEST\klinik\framework\web\CWebApplication.php(141): CWebApplication->runController('site/login')
#8 C:\Users\user\Desktop\tes\TEST\klinik\framework\base\CApplication.php(185): CWebApplication->processRequest()
#9 C:\Users\user\Desktop\tes\TEST\klinik\index.php(15): CApplication->run()
#10 {main}
REQUEST_URI=/site/login
HTTP_REFERER=http://localhost:8080/user/login
---
2024/09/16 20:47:07 [error] [exception.CHttpException.404] CHttpException: The system is unable to find the requested action "lregister". in C:\Users\user\Desktop\tes\TEST\klinik\framework\web\CController.php:486
Stack trace:
#0 C:\Users\user\Desktop\tes\TEST\klinik\framework\web\CController.php(270): CController->missingAction('lregister')
#1 C:\Users\user\Desktop\tes\TEST\klinik\framework\web\CWebApplication.php(282): CController->run('lregister')
#2 C:\Users\user\Desktop\tes\TEST\klinik\framework\web\CWebApplication.php(141): CWebApplication->runController('user/lregister')
#3 C:\Users\user\Desktop\tes\TEST\klinik\framework\base\CApplication.php(185): CWebApplication->processRequest()
#4 C:\Users\user\Desktop\tes\TEST\klinik\index.php(15): CApplication->run()
#5 {main}
REQUEST_URI=/user/lregister
---
2024/09/16 20:47:21 [error] [exception.CException] CException: SiteController cannot find the requested view "login". in C:\Users\user\Desktop\tes\TEST\klinik\framework\web\CController.php:881
Stack trace:
#0 C:\Users\user\Desktop\tes\TEST\klinik\framework\web\CController.php(785): CController->renderPartial('login', Array, true)
#1 C:\Users\user\Desktop\tes\TEST\klinik\protected\controllers\SiteController.php(28): CController->render('login', Array)
#2 C:\Users\user\Desktop\tes\TEST\klinik\framework\web\actions\CInlineAction.php(49): SiteController->actionLogin()
#3 C:\Users\user\Desktop\tes\TEST\klinik\framework\web\CController.php(308): CInlineAction->runWithParams(Array)
#4 C:\Users\user\Desktop\tes\TEST\klinik\framework\web\CController.php(286): CController->runAction(Object(CInlineAction))
#5 C:\Users\user\Desktop\tes\TEST\klinik\framework\web\CController.php(265): CController->runActionWithFilters(Object(CInlineAction), Array)
#6 C:\Users\user\Desktop\tes\TEST\klinik\framework\web\CWebApplication.php(282): CController->run('login')
#7 C:\Users\user\Desktop\tes\TEST\klinik\framework\web\CWebApplication.php(141): CWebApplication->runController('site/login')
#8 C:\Users\user\Desktop\tes\TEST\klinik\framework\base\CApplication.php(185): CWebApplication->processRequest()
#9 C:\Users\user\Desktop\tes\TEST\klinik\index.php(15): CApplication->run()
#10 {main}
REQUEST_URI=/site/login
HTTP_REFERER=http://localhost:8080/user/register
---
2024/09/16 20:47:35 [error] [exception.CException] CException: SiteController cannot find the requested view "login". in C:\Users\user\Desktop\tes\TEST\klinik\framework\web\CController.php:881
Stack trace:
#0 C:\Users\user\Desktop\tes\TEST\klinik\framework\web\CController.php(785): CController->renderPartial('login', Array, true)
#1 C:\Users\user\Desktop\tes\TEST\klinik\protected\controllers\SiteController.php(28): CController->render('login', Array)
#2 C:\Users\user\Desktop\tes\TEST\klinik\framework\web\actions\CInlineAction.php(49): SiteController->actionLogin()
#3 C:\Users\user\Desktop\tes\TEST\klinik\framework\web\CController.php(308): CInlineAction->runWithParams(Array)
#4 C:\Users\user\Desktop\tes\TEST\klinik\framework\web\CController.php(286): CController->runAction(Object(CInlineAction))
#5 C:\Users\user\Desktop\tes\TEST\klinik\framework\web\CController.php(265): CController->runActionWithFilters(Object(CInlineAction), Array)
#6 C:\Users\user\Desktop\tes\TEST\klinik\framework\web\CWebApplication.php(282): CController->run('login')
#7 C:\Users\user\Desktop\tes\TEST\klinik\framework\web\CWebApplication.php(141): CWebApplication->runController('site/login')
#8 C:\Users\user\Desktop\tes\TEST\klinik\framework\base\CApplication.php(185): CWebApplication->processRequest()
#9 C:\Users\user\Desktop\tes\TEST\klinik\index.php(15): CApplication->run()
#10 {main}
REQUEST_URI=/site/login
HTTP_REFERER=http://localhost:8080/user/register
---
2024/09/16 20:48:35 [error] [exception.CException] CException: SiteController cannot find the requested view "login". in C:\Users\user\Desktop\tes\TEST\klinik\framework\web\CController.php:881
Stack trace:
#0 C:\Users\user\Desktop\tes\TEST\klinik\framework\web\CController.php(785): CController->renderPartial('login', Array, true)
#1 C:\Users\user\Desktop\tes\TEST\klinik\protected\controllers\SiteController.php(28): CController->render('login', Array)
#2 C:\Users\user\Desktop\tes\TEST\klinik\framework\web\actions\CInlineAction.php(49): SiteController->actionLogin()
#3 C:\Users\user\Desktop\tes\TEST\klinik\framework\web\CController.php(308): CInlineAction->runWithParams(Array)
#4 C:\Users\user\Desktop\tes\TEST\klinik\framework\web\CController.php(286): CController->runAction(Object(CInlineAction))
#5 C:\Users\user\Desktop\tes\TEST\klinik\framework\web\CController.php(265): CController->runActionWithFilters(Object(CInlineAction), Array)
#6 C:\Users\user\Desktop\tes\TEST\klinik\framework\web\CWebApplication.php(282): CController->run('login')
#7 C:\Users\user\Desktop\tes\TEST\klinik\framework\web\CWebApplication.php(141): CWebApplication->runController('site/login')
#8 C:\Users\user\Desktop\tes\TEST\klinik\framework\base\CApplication.php(185): CWebApplication->processRequest()
#9 C:\Users\user\Desktop\tes\TEST\klinik\index.php(15): CApplication->run()
#10 {main}
REQUEST_URI=/site/login
HTTP_REFERER=http://localhost:8080/user/register
---
2024/09/16 20:49:46 [error] [exception.CException] CException: SiteController cannot find the requested view "login". in C:\Users\user\Desktop\tes\TEST\klinik\framework\web\CController.php:881
Stack trace:
#0 C:\Users\user\Desktop\tes\TEST\klinik\framework\web\CController.php(785): CController->renderPartial('login', Array, true)
#1 C:\Users\user\Desktop\tes\TEST\klinik\protected\controllers\SiteController.php(28): CController->render('login', Array)
#2 C:\Users\user\Desktop\tes\TEST\klinik\framework\web\actions\CInlineAction.php(49): SiteController->actionLogin()
#3 C:\Users\user\Desktop\tes\TEST\klinik\framework\web\CController.php(308): CInlineAction->runWithParams(Array)
#4 C:\Users\user\Desktop\tes\TEST\klinik\framework\web\CController.php(286): CController->runAction(Object(CInlineAction))
#5 C:\Users\user\Desktop\tes\TEST\klinik\framework\web\CController.php(265): CController->runActionWithFilters(Object(CInlineAction), Array)
#6 C:\Users\user\Desktop\tes\TEST\klinik\framework\web\CWebApplication.php(282): CController->run('login')
#7 C:\Users\user\Desktop\tes\TEST\klinik\framework\web\CWebApplication.php(141): CWebApplication->runController('site/login')
#8 C:\Users\user\Desktop\tes\TEST\klinik\framework\base\CApplication.php(185): CWebApplication->processRequest()
#9 C:\Users\user\Desktop\tes\TEST\klinik\index.php(15): CApplication->run()
#10 {main}
REQUEST_URI=/site/login
---
2024/09/16 20:52:42 [error] [exception.CException] CException: SiteController cannot find the requested view "login". in C:\Users\user\Desktop\tes\TEST\klinik\framework\web\CController.php:881
Stack trace:
#0 C:\Users\user\Desktop\tes\TEST\klinik\framework\web\CController.php(785): CController->renderPartial('login', Array, true)
#1 C:\Users\user\Desktop\tes\TEST\klinik\protected\controllers\SiteController.php(28): CController->render('login', Array)
#2 C:\Users\user\Desktop\tes\TEST\klinik\framework\web\actions\CInlineAction.php(49): SiteController->actionLogin()
#3 C:\Users\user\Desktop\tes\TEST\klinik\framework\web\CController.php(308): CInlineAction->runWithParams(Array)
#4 C:\Users\user\Desktop\tes\TEST\klinik\framework\web\CController.php(286): CController->runAction(Object(CInlineAction))
#5 C:\Users\user\Desktop\tes\TEST\klinik\framework\web\CController.php(265): CController->runActionWithFilters(Object(CInlineAction), Array)
#6 C:\Users\user\Desktop\tes\TEST\klinik\framework\web\CWebApplication.php(282): CController->run('login')
#7 C:\Users\user\Desktop\tes\TEST\klinik\framework\web\CWebApplication.php(141): CWebApplication->runController('site/login')
#8 C:\Users\user\Desktop\tes\TEST\klinik\framework\base\CApplication.php(185): CWebApplication->processRequest()
#9 C:\Users\user\Desktop\tes\TEST\klinik\index.php(15): CApplication->run()
#10 {main}
REQUEST_URI=/site/login
HTTP_REFERER=http://localhost:8080/user/register
---
2024/09/16 20:54:49 [error] [exception.CException] CException: SiteController cannot find the requested view "login". in C:\Users\user\Desktop\tes\TEST\klinik\framework\web\CController.php:881
Stack trace:
#0 C:\Users\user\Desktop\tes\TEST\klinik\framework\web\CController.php(785): CController->renderPartial('login', Array, true)
#1 C:\Users\user\Desktop\tes\TEST\klinik\protected\controllers\SiteController.php(28): CController->render('login', Array)
#2 C:\Users\user\Desktop\tes\TEST\klinik\framework\web\actions\CInlineAction.php(49): SiteController->actionLogin()
#3 C:\Users\user\Desktop\tes\TEST\klinik\framework\web\CController.php(308): CInlineAction->runWithParams(Array)
#4 C:\Users\user\Desktop\tes\TEST\klinik\framework\web\CController.php(286): CController->runAction(Object(CInlineAction))
#5 C:\Users\user\Desktop\tes\TEST\klinik\framework\web\CController.php(265): CController->runActionWithFilters(Object(CInlineAction), Array)
#6 C:\Users\user\Desktop\tes\TEST\klinik\framework\web\CWebApplication.php(282): CController->run('login')
#7 C:\Users\user\Desktop\tes\TEST\klinik\framework\web\CWebApplication.php(141): CWebApplication->runController('site/login')
#8 C:\Users\user\Desktop\tes\TEST\klinik\framework\base\CApplication.php(185): CWebApplication->processRequest()
#9 C:\Users\user\Desktop\tes\TEST\klinik\index.php(15): CApplication->run()
#10 {main}
REQUEST_URI=/site/login
HTTP_REFERER=http://localhost:8080/user/register
---
2024/09/16 20:56:56 [error] [exception.CException] CException: SiteController cannot find the requested view "login". in C:\Users\user\Desktop\tes\TEST\klinik\framework\web\CController.php:881
Stack trace:
#0 C:\Users\user\Desktop\tes\TEST\klinik\framework\web\CController.php(785): CController->renderPartial('login', Array, true)
#1 C:\Users\user\Desktop\tes\TEST\klinik\protected\controllers\SiteController.php(28): CController->render('login', Array)
#2 C:\Users\user\Desktop\tes\TEST\klinik\framework\web\actions\CInlineAction.php(49): SiteController->actionLogin()
#3 C:\Users\user\Desktop\tes\TEST\klinik\framework\web\CController.php(308): CInlineAction->runWithParams(Array)
#4 C:\Users\user\Desktop\tes\TEST\klinik\framework\web\CController.php(286): CController->runAction(Object(CInlineAction))
#5 C:\Users\user\Desktop\tes\TEST\klinik\framework\web\CController.php(265): CController->runActionWithFilters(Object(CInlineAction), Array)
#6 C:\Users\user\Desktop\tes\TEST\klinik\framework\web\CWebApplication.php(282): CController->run('login')
#7 C:\Users\user\Desktop\tes\TEST\klinik\framework\web\CWebApplication.php(141): CWebApplication->runController('site/login')
#8 C:\Users\user\Desktop\tes\TEST\klinik\framework\base\CApplication.php(185): CWebApplication->processRequest()
#9 C:\Users\user\Desktop\tes\TEST\klinik\index.php(15): CApplication->run()
#10 {main}
REQUEST_URI=/site/login
HTTP_REFERER=http://localhost:8080/
---
2024/09/16 20:59:49 [error] [exception.CException] CException: SiteController cannot find the requested view "login". in C:\Users\user\Desktop\tes\TEST\klinik\framework\web\CController.php:881
Stack trace:
#0 C:\Users\user\Desktop\tes\TEST\klinik\framework\web\CController.php(785): CController->renderPartial('login', Array, true)
#1 C:\Users\user\Desktop\tes\TEST\klinik\protected\controllers\SiteController.php(28): CController->render('login', Array)
#2 C:\Users\user\Desktop\tes\TEST\klinik\framework\web\actions\CInlineAction.php(49): SiteController->actionLogin()
#3 C:\Users\user\Desktop\tes\TEST\klinik\framework\web\CController.php(308): CInlineAction->runWithParams(Array)
#4 C:\Users\user\Desktop\tes\TEST\klinik\framework\web\CController.php(286): CController->runAction(Object(CInlineAction))
#5 C:\Users\user\Desktop\tes\TEST\klinik\framework\web\CController.php(265): CController->runActionWithFilters(Object(CInlineAction), Array)
#6 C:\Users\user\Desktop\tes\TEST\klinik\framework\web\CWebApplication.php(282): CController->run('login')
#7 C:\Users\user\Desktop\tes\TEST\klinik\framework\web\CWebApplication.php(141): CWebApplication->runController('site/login')
#8 C:\Users\user\Desktop\tes\TEST\klinik\framework\base\CApplication.php(185): CWebApplication->processRequest()
#9 C:\Users\user\Desktop\tes\TEST\klinik\index.php(15): CApplication->run()
#10 {main}
REQUEST_URI=/site/login
HTTP_REFERER=http://localhost:8080/
---
2024/09/16 21:02:37 [error] [exception.CException] CException: SiteController cannot find the requested view "login". in C:\Users\user\Desktop\tes\TEST\klinik\framework\web\CController.php:881
Stack trace:
#0 C:\Users\user\Desktop\tes\TEST\klinik\framework\web\CController.php(785): CController->renderPartial('login', Array, true)
#1 C:\Users\user\Desktop\tes\TEST\klinik\protected\controllers\SiteController.php(28): CController->render('login', Array)
#2 C:\Users\user\Desktop\tes\TEST\klinik\framework\web\actions\CInlineAction.php(49): SiteController->actionLogin()
#3 C:\Users\user\Desktop\tes\TEST\klinik\framework\web\CController.php(308): CInlineAction->runWithParams(Array)
#4 C:\Users\user\Desktop\tes\TEST\klinik\framework\web\CController.php(286): CController->runAction(Object(CInlineAction))
#5 C:\Users\user\Desktop\tes\TEST\klinik\framework\web\CController.php(265): CController->runActionWithFilters(Object(CInlineAction), Array)
#6 C:\Users\user\Desktop\tes\TEST\klinik\framework\web\CWebApplication.php(282): CController->run('login')
#7 C:\Users\user\Desktop\tes\TEST\klinik\framework\web\CWebApplication.php(141): CWebApplication->runController('site/login')
#8 C:\Users\user\Desktop\tes\TEST\klinik\framework\base\CApplication.php(185): CWebApplication->processRequest()
#9 C:\Users\user\Desktop\tes\TEST\klinik\index.php(15): CApplication->run()
#10 {main}
REQUEST_URI=/site/login
HTTP_REFERER=http://localhost:8080/user/login
---
2024/09/16 21:09:19 [error] [exception.CException] CException: SiteController cannot find the requested view "login". in C:\Users\user\Desktop\tes\TEST\klinik\framework\web\CController.php:881
Stack trace:
#0 C:\Users\user\Desktop\tes\TEST\klinik\framework\web\CController.php(785): CController->renderPartial('login', Array, true)
#1 C:\Users\user\Desktop\tes\TEST\klinik\protected\controllers\SiteController.php(28): CController->render('login', Array)
#2 C:\Users\user\Desktop\tes\TEST\klinik\framework\web\actions\CInlineAction.php(49): SiteController->actionLogin()
#3 C:\Users\user\Desktop\tes\TEST\klinik\framework\web\CController.php(308): CInlineAction->runWithParams(Array)
#4 C:\Users\user\Desktop\tes\TEST\klinik\framework\web\CController.php(286): CController->runAction(Object(CInlineAction))
#5 C:\Users\user\Desktop\tes\TEST\klinik\framework\web\CController.php(265): CController->runActionWithFilters(Object(CInlineAction), Array)
#6 C:\Users\user\Desktop\tes\TEST\klinik\framework\web\CWebApplication.php(282): CController->run('login')
#7 C:\Users\user\Desktop\tes\TEST\klinik\framework\web\CWebApplication.php(141): CWebApplication->runController('site/login')
#8 C:\Users\user\Desktop\tes\TEST\klinik\framework\base\CApplication.php(185): CWebApplication->processRequest()
#9 C:\Users\user\Desktop\tes\TEST\klinik\index.php(15): CApplication->run()
#10 {main}
REQUEST_URI=/site/login
HTTP_REFERER=http://localhost:8080/
---
2024/09/16 21:09:50 [error] [exception.CException] CException: UserController cannot find the requested view "login". in C:\Users\user\Desktop\tes\TEST\klinik\framework\web\CController.php:881
Stack trace:
#0 C:\Users\user\Desktop\tes\TEST\klinik\framework\web\CController.php(785): CController->renderPartial('login', Array, true)
#1 C:\Users\user\Desktop\tes\TEST\klinik\protected\controllers\UserController.php(17): CController->render('login', Array)
#2 C:\Users\user\Desktop\tes\TEST\klinik\framework\web\actions\CInlineAction.php(49): UserController->actionLogin()
#3 C:\Users\user\Desktop\tes\TEST\klinik\framework\web\CController.php(308): CInlineAction->runWithParams(Array)
#4 C:\Users\user\Desktop\tes\TEST\klinik\framework\web\filters\CFilterChain.php(134): CController->runAction(Object(CInlineAction))
#5 C:\Users\user\Desktop\tes\TEST\klinik\framework\web\filters\CFilter.php(40): CFilterChain->run()
#6 C:\Users\user\Desktop\tes\TEST\klinik\framework\web\CController.php(1148): CFilter->filter(Object(CFilterChain))
#7 C:\Users\user\Desktop\tes\TEST\klinik\framework\web\filters\CInlineFilter.php(58): CController->filterAccessControl(Object(CFilterChain))
#8 C:\Users\user\Desktop\tes\TEST\klinik\framework\web\filters\CFilterChain.php(131): CInlineFilter->filter(Object(CFilterChain))
#9 C:\Users\user\Desktop\tes\TEST\klinik\framework\web\CController.php(291): CFilterChain->run()
#10 C:\Users\user\Desktop\tes\TEST\klinik\framework\web\CController.php(265): CController->runActionWithFilters(Object(CInlineAction), Array)
#11 C:\Users\user\Desktop\tes\TEST\klinik\framework\web\CWebApplication.php(282): CController->run('login')
#12 C:\Users\user\Desktop\tes\TEST\klinik\framework\web\CWebApplication.php(141): CWebApplication->runController('user/login')
#13 C:\Users\user\Desktop\tes\TEST\klinik\framework\base\CApplication.php(185): CWebApplication->processRequest()
#14 C:\Users\user\Desktop\tes\TEST\klinik\index.php(15): CApplication->run()
#15 {main}
REQUEST_URI=/user/login
HTTP_REFERER=http://localhost:8080/site/login
---
2024/09/16 21:10:27 [error] [exception.CException] CException: UserController cannot find the requested view "login". in C:\Users\user\Desktop\tes\TEST\klinik\framework\web\CController.php:881
Stack trace:
#0 C:\Users\user\Desktop\tes\TEST\klinik\framework\web\CController.php(785): CController->renderPartial('login', Array, true)
#1 C:\Users\user\Desktop\tes\TEST\klinik\protected\controllers\UserController.php(17): CController->render('login', Array)
#2 C:\Users\user\Desktop\tes\TEST\klinik\framework\web\actions\CInlineAction.php(49): UserController->actionLogin()
#3 C:\Users\user\Desktop\tes\TEST\klinik\framework\web\CController.php(308): CInlineAction->runWithParams(Array)
#4 C:\Users\user\Desktop\tes\TEST\klinik\framework\web\filters\CFilterChain.php(134): CController->runAction(Object(CInlineAction))
#5 C:\Users\user\Desktop\tes\TEST\klinik\framework\web\filters\CFilter.php(40): CFilterChain->run()
#6 C:\Users\user\Desktop\tes\TEST\klinik\framework\web\CController.php(1148): CFilter->filter(Object(CFilterChain))
#7 C:\Users\user\Desktop\tes\TEST\klinik\framework\web\filters\CInlineFilter.php(58): CController->filterAccessControl(Object(CFilterChain))
#8 C:\Users\user\Desktop\tes\TEST\klinik\framework\web\filters\CFilterChain.php(131): CInlineFilter->filter(Object(CFilterChain))
#9 C:\Users\user\Desktop\tes\TEST\klinik\framework\web\CController.php(291): CFilterChain->run()
#10 C:\Users\user\Desktop\tes\TEST\klinik\framework\web\CController.php(265): CController->runActionWithFilters(Object(CInlineAction), Array)
#11 C:\Users\user\Desktop\tes\TEST\klinik\framework\web\CWebApplication.php(282): CController->run('login')
#12 C:\Users\user\Desktop\tes\TEST\klinik\framework\web\CWebApplication.php(141): CWebApplication->runController('user/login')
#13 C:\Users\user\Desktop\tes\TEST\klinik\framework\base\CApplication.php(185): CWebApplication->processRequest()
#14 C:\Users\user\Desktop\tes\TEST\klinik\index.php(15): CApplication->run()
#15 {main}
REQUEST_URI=/user/login
HTTP_REFERER=http://localhost:8080/site/login
---
2024/09/16 21:15:30 [error] [exception.CHttpException.403] CHttpException: You are not authorized to perform this action. in C:\Users\user\Desktop\tes\TEST\klinik\framework\web\auth\CAccessControlFilter.php:183
Stack trace:
#0 C:\Users\user\Desktop\tes\TEST\klinik\framework\web\auth\CAccessControlFilter.php(145): CAccessControlFilter->accessDenied(Object(CWebUser), 'You are not aut...')
#1 C:\Users\user\Desktop\tes\TEST\klinik\framework\web\filters\CFilter.php(38): CAccessControlFilter->preFilter(Object(CFilterChain))
#2 C:\Users\user\Desktop\tes\TEST\klinik\framework\web\CController.php(1148): CFilter->filter(Object(CFilterChain))
#3 C:\Users\user\Desktop\tes\TEST\klinik\framework\web\filters\CInlineFilter.php(58): CController->filterAccessControl(Object(CFilterChain))
#4 C:\Users\user\Desktop\tes\TEST\klinik\framework\web\filters\CFilterChain.php(131): CInlineFilter->filter(Object(CFilterChain))
#5 C:\Users\user\Desktop\tes\TEST\klinik\framework\web\CController.php(291): CFilterChain->run()
#6 C:\Users\user\Desktop\tes\TEST\klinik\framework\web\CController.php(265): CController->runActionWithFilters(Object(CInlineAction), Array)
#7 C:\Users\user\Desktop\tes\TEST\klinik\framework\web\CWebApplication.php(282): CController->run('register')
#8 C:\Users\user\Desktop\tes\TEST\klinik\framework\web\CWebApplication.php(141): CWebApplication->runController('user/register')
#9 C:\Users\user\Desktop\tes\TEST\klinik\framework\base\CApplication.php(185): CWebApplication->processRequest()
#10 C:\Users\user\Desktop\tes\TEST\klinik\index.php(15): CApplication->run()
#11 {main}
REQUEST_URI=/user/register
HTTP_REFERER=http://localhost:8080/site/login
---
2024/09/16 21:15:36 [error] [exception.CHttpException.403] CHttpException: You are not authorized to perform this action. in C:\Users\user\Desktop\tes\TEST\klinik\framework\web\auth\CAccessControlFilter.php:183
Stack trace:
#0 C:\Users\user\Desktop\tes\TEST\klinik\framework\web\auth\CAccessControlFilter.php(145): CAccessControlFilter->accessDenied(Object(CWebUser), 'You are not aut...')
#1 C:\Users\user\Desktop\tes\TEST\klinik\framework\web\filters\CFilter.php(38): CAccessControlFilter->preFilter(Object(CFilterChain))
#2 C:\Users\user\Desktop\tes\TEST\klinik\framework\web\CController.php(1148): CFilter->filter(Object(CFilterChain))
#3 C:\Users\user\Desktop\tes\TEST\klinik\framework\web\filters\CInlineFilter.php(58): CController->filterAccessControl(Object(CFilterChain))
#4 C:\Users\user\Desktop\tes\TEST\klinik\framework\web\filters\CFilterChain.php(131): CInlineFilter->filter(Object(CFilterChain))
#5 C:\Users\user\Desktop\tes\TEST\klinik\framework\web\CController.php(291): CFilterChain->run()
#6 C:\Users\user\Desktop\tes\TEST\klinik\framework\web\CController.php(265): CController->runActionWithFilters(Object(CInlineAction), Array)
#7 C:\Users\user\Desktop\tes\TEST\klinik\framework\web\CWebApplication.php(282): CController->run('register')
#8 C:\Users\user\Desktop\tes\TEST\klinik\framework\web\CWebApplication.php(141): CWebApplication->runController('user/register')
#9 C:\Users\user\Desktop\tes\TEST\klinik\framework\base\CApplication.php(185): CWebApplication->processRequest()
#10 C:\Users\user\Desktop\tes\TEST\klinik\index.php(15): CApplication->run()
#11 {main}
REQUEST_URI=/user/register
HTTP_REFERER=http://localhost:8080/site/login
---
2024/09/16 21:15:46 [error] [exception.CHttpException.403] CHttpException: You are not authorized to perform this action. in C:\Users\user\Desktop\tes\TEST\klinik\framework\web\auth\CAccessControlFilter.php:183
Stack trace:
#0 C:\Users\user\Desktop\tes\TEST\klinik\framework\web\auth\CAccessControlFilter.php(145): CAccessControlFilter->accessDenied(Object(CWebUser), 'You are not aut...')
#1 C:\Users\user\Desktop\tes\TEST\klinik\framework\web\filters\CFilter.php(38): CAccessControlFilter->preFilter(Object(CFilterChain))
#2 C:\Users\user\Desktop\tes\TEST\klinik\framework\web\CController.php(1148): CFilter->filter(Object(CFilterChain))
#3 C:\Users\user\Desktop\tes\TEST\klinik\framework\web\filters\CInlineFilter.php(58): CController->filterAccessControl(Object(CFilterChain))
#4 C:\Users\user\Desktop\tes\TEST\klinik\framework\web\filters\CFilterChain.php(131): CInlineFilter->filter(Object(CFilterChain))
#5 C:\Users\user\Desktop\tes\TEST\klinik\framework\web\CController.php(291): CFilterChain->run()
#6 C:\Users\user\Desktop\tes\TEST\klinik\framework\web\CController.php(265): CController->runActionWithFilters(Object(CInlineAction), Array)
#7 C:\Users\user\Desktop\tes\TEST\klinik\framework\web\CWebApplication.php(282): CController->run('index')
#8 C:\Users\user\Desktop\tes\TEST\klinik\framework\web\CWebApplication.php(141): CWebApplication->runController('pasien/index')
#9 C:\Users\user\Desktop\tes\TEST\klinik\framework\base\CApplication.php(185): CWebApplication->processRequest()
#10 C:\Users\user\Desktop\tes\TEST\klinik\index.php(15): CApplication->run()
#11 {main}
REQUEST_URI=/pasien/index
HTTP_REFERER=http://localhost:8080/
---
2024/09/16 21:16:05 [error] [exception.CHttpException.403] CHttpException: You are not authorized to perform this action. in C:\Users\user\Desktop\tes\TEST\klinik\framework\web\auth\CAccessControlFilter.php:183
Stack trace:
#0 C:\Users\user\Desktop\tes\TEST\klinik\framework\web\auth\CAccessControlFilter.php(145): CAccessControlFilter->accessDenied(Object(CWebUser), 'You are not aut...')
#1 C:\Users\user\Desktop\tes\TEST\klinik\framework\web\filters\CFilter.php(38): CAccessControlFilter->preFilter(Object(CFilterChain))
#2 C:\Users\user\Desktop\tes\TEST\klinik\framework\web\CController.php(1148): CFilter->filter(Object(CFilterChain))
#3 C:\Users\user\Desktop\tes\TEST\klinik\framework\web\filters\CInlineFilter.php(58): CController->filterAccessControl(Object(CFilterChain))
#4 C:\Users\user\Desktop\tes\TEST\klinik\framework\web\filters\CFilterChain.php(131): CInlineFilter->filter(Object(CFilterChain))
#5 C:\Users\user\Desktop\tes\TEST\klinik\framework\web\CController.php(291): CFilterChain->run()
#6 C:\Users\user\Desktop\tes\TEST\klinik\framework\web\CController.php(265): CController->runActionWithFilters(Object(CInlineAction), Array)
#7 C:\Users\user\Desktop\tes\TEST\klinik\framework\web\CWebApplication.php(282): CController->run('register')
#8 C:\Users\user\Desktop\tes\TEST\klinik\framework\web\CWebApplication.php(141): CWebApplication->runController('user/register')
#9 C:\Users\user\Desktop\tes\TEST\klinik\framework\base\CApplication.php(185): CWebApplication->processRequest()
#10 C:\Users\user\Desktop\tes\TEST\klinik\index.php(15): CApplication->run()
#11 {main}
REQUEST_URI=/user/register
---
2024/09/16 21:19:06 [error] [exception.CHttpException.403] CHttpException: You are not authorized to perform this action. in C:\Users\user\Desktop\tes\TEST\klinik\framework\web\auth\CAccessControlFilter.php:183
Stack trace:
#0 C:\Users\user\Desktop\tes\TEST\klinik\framework\web\auth\CAccessControlFilter.php(145): CAccessControlFilter->accessDenied(Object(CWebUser), 'You are not aut...')
#1 C:\Users\user\Desktop\tes\TEST\klinik\framework\web\filters\CFilter.php(38): CAccessControlFilter->preFilter(Object(CFilterChain))
#2 C:\Users\user\Desktop\tes\TEST\klinik\framework\web\CController.php(1148): CFilter->filter(Object(CFilterChain))
#3 C:\Users\user\Desktop\tes\TEST\klinik\framework\web\filters\CInlineFilter.php(58): CController->filterAccessControl(Object(CFilterChain))
#4 C:\Users\user\Desktop\tes\TEST\klinik\framework\web\filters\CFilterChain.php(131): CInlineFilter->filter(Object(CFilterChain))
#5 C:\Users\user\Desktop\tes\TEST\klinik\framework\web\CController.php(291): CFilterChain->run()
#6 C:\Users\user\Desktop\tes\TEST\klinik\framework\web\CController.php(265): CController->runActionWithFilters(Object(CInlineAction), Array)
#7 C:\Users\user\Desktop\tes\TEST\klinik\framework\web\CWebApplication.php(282): CController->run('index')
#8 C:\Users\user\Desktop\tes\TEST\klinik\framework\web\CWebApplication.php(141): CWebApplication->runController('pasien/index')
#9 C:\Users\user\Desktop\tes\TEST\klinik\framework\base\CApplication.php(185): CWebApplication->processRequest()
#10 C:\Users\user\Desktop\tes\TEST\klinik\index.php(15): CApplication->run()
#11 {main}
REQUEST_URI=/pasien/index
HTTP_REFERER=http://localhost:8080/
---
2024/09/16 21:20:47 [error] [exception.CHttpException.403] CHttpException: You are not authorized to perform this action. in C:\Users\user\Desktop\tes\TEST\klinik\framework\web\auth\CAccessControlFilter.php:183
Stack trace:
#0 C:\Users\user\Desktop\tes\TEST\klinik\framework\web\auth\CAccessControlFilter.php(145): CAccessControlFilter->accessDenied(Object(CWebUser), 'You are not aut...')
#1 C:\Users\user\Desktop\tes\TEST\klinik\framework\web\filters\CFilter.php(38): CAccessControlFilter->preFilter(Object(CFilterChain))
#2 C:\Users\user\Desktop\tes\TEST\klinik\framework\web\CController.php(1148): CFilter->filter(Object(CFilterChain))
#3 C:\Users\user\Desktop\tes\TEST\klinik\framework\web\filters\CInlineFilter.php(58): CController->filterAccessControl(Object(CFilterChain))
#4 C:\Users\user\Desktop\tes\TEST\klinik\framework\web\filters\CFilterChain.php(131): CInlineFilter->filter(Object(CFilterChain))
#5 C:\Users\user\Desktop\tes\TEST\klinik\framework\web\CController.php(291): CFilterChain->run()
#6 C:\Users\user\Desktop\tes\TEST\klinik\framework\web\CController.php(265): CController->runActionWithFilters(Object(CInlineAction), Array)
#7 C:\Users\user\Desktop\tes\TEST\klinik\framework\web\CWebApplication.php(282): CController->run('index')
#8 C:\Users\user\Desktop\tes\TEST\klinik\framework\web\CWebApplication.php(141): CWebApplication->runController('pasien/index')
#9 C:\Users\user\Desktop\tes\TEST\klinik\framework\base\CApplication.php(185): CWebApplication->processRequest()
#10 C:\Users\user\Desktop\tes\TEST\klinik\index.php(15): CApplication->run()
#11 {main}
REQUEST_URI=/pasien/index
HTTP_REFERER=http://localhost:8080/
---
2024/09/16 21:22:08 [error] [exception.CHttpException.403] CHttpException: You are not authorized to perform this action. in C:\Users\user\Desktop\tes\TEST\klinik\framework\web\auth\CAccessControlFilter.php:183
Stack trace:
#0 C:\Users\user\Desktop\tes\TEST\klinik\framework\web\auth\CAccessControlFilter.php(145): CAccessControlFilter->accessDenied(Object(CWebUser), 'You are not aut...')
#1 C:\Users\user\Desktop\tes\TEST\klinik\framework\web\filters\CFilter.php(38): CAccessControlFilter->preFilter(Object(CFilterChain))
#2 C:\Users\user\Desktop\tes\TEST\klinik\framework\web\CController.php(1148): CFilter->filter(Object(CFilterChain))
#3 C:\Users\user\Desktop\tes\TEST\klinik\framework\web\filters\CInlineFilter.php(58): CController->filterAccessControl(Object(CFilterChain))
#4 C:\Users\user\Desktop\tes\TEST\klinik\framework\web\filters\CFilterChain.php(131): CInlineFilter->filter(Object(CFilterChain))
#5 C:\Users\user\Desktop\tes\TEST\klinik\framework\web\CController.php(291): CFilterChain->run()
#6 C:\Users\user\Desktop\tes\TEST\klinik\framework\web\CController.php(265): CController->runActionWithFilters(Object(CInlineAction), Array)
#7 C:\Users\user\Desktop\tes\TEST\klinik\framework\web\CWebApplication.php(282): CController->run('index')
#8 C:\Users\user\Desktop\tes\TEST\klinik\framework\web\CWebApplication.php(141): CWebApplication->runController('pegawai/index')
#9 C:\Users\user\Desktop\tes\TEST\klinik\framework\base\CApplication.php(185): CWebApplication->processRequest()
#10 C:\Users\user\Desktop\tes\TEST\klinik\index.php(15): CApplication->run()
#11 {main}
REQUEST_URI=/pegawai/index
HTTP_REFERER=http://localhost:8080/pasien/index
---
2024/09/16 21:24:19 [error] [exception.CHttpException.403] CHttpException: You are not authorized to perform this action. in C:\Users\user\Desktop\tes\TEST\klinik\framework\web\auth\CAccessControlFilter.php:183
Stack trace:
#0 C:\Users\user\Desktop\tes\TEST\klinik\framework\web\auth\CAccessControlFilter.php(145): CAccessControlFilter->accessDenied(Object(CWebUser), 'You are not aut...')
#1 C:\Users\user\Desktop\tes\TEST\klinik\framework\web\filters\CFilter.php(38): CAccessControlFilter->preFilter(Object(CFilterChain))
#2 C:\Users\user\Desktop\tes\TEST\klinik\framework\web\CController.php(1148): CFilter->filter(Object(CFilterChain))
#3 C:\Users\user\Desktop\tes\TEST\klinik\framework\web\filters\CInlineFilter.php(58): CController->filterAccessControl(Object(CFilterChain))
#4 C:\Users\user\Desktop\tes\TEST\klinik\framework\web\filters\CFilterChain.php(131): CInlineFilter->filter(Object(CFilterChain))
#5 C:\Users\user\Desktop\tes\TEST\klinik\framework\web\CController.php(291): CFilterChain->run()
#6 C:\Users\user\Desktop\tes\TEST\klinik\framework\web\CController.php(265): CController->runActionWithFilters(Object(CInlineAction), Array)
#7 C:\Users\user\Desktop\tes\TEST\klinik\framework\web\CWebApplication.php(282): CController->run('index')
#8 C:\Users\user\Desktop\tes\TEST\klinik\framework\web\CWebApplication.php(141): CWebApplication->runController('pasien/index')
#9 C:\Users\user\Desktop\tes\TEST\klinik\framework\base\CApplication.php(185): CWebApplication->processRequest()
#10 C:\Users\user\Desktop\tes\TEST\klinik\index.php(15): CApplication->run()
#11 {main}
REQUEST_URI=/pasien/index
HTTP_REFERER=http://localhost:8080/
---
2024/09/16 21:25:32 [error] [exception.CHttpException.403] CHttpException: You are not authorized to perform this action. in C:\Users\user\Desktop\tes\TEST\klinik\framework\web\auth\CAccessControlFilter.php:183
Stack trace:
#0 C:\Users\user\Desktop\tes\TEST\klinik\framework\web\auth\CAccessControlFilter.php(145): CAccessControlFilter->accessDenied(Object(CWebUser), 'You are not aut...')
#1 C:\Users\user\Desktop\tes\TEST\klinik\framework\web\filters\CFilter.php(38): CAccessControlFilter->preFilter(Object(CFilterChain))
#2 C:\Users\user\Desktop\tes\TEST\klinik\framework\web\CController.php(1148): CFilter->filter(Object(CFilterChain))
#3 C:\Users\user\Desktop\tes\TEST\klinik\framework\web\filters\CInlineFilter.php(58): CController->filterAccessControl(Object(CFilterChain))
#4 C:\Users\user\Desktop\tes\TEST\klinik\framework\web\filters\CFilterChain.php(131): CInlineFilter->filter(Object(CFilterChain))
#5 C:\Users\user\Desktop\tes\TEST\klinik\framework\web\CController.php(291): CFilterChain->run()
#6 C:\Users\user\Desktop\tes\TEST\klinik\framework\web\CController.php(265): CController->runActionWithFilters(Object(CInlineAction), Array)
#7 C:\Users\user\Desktop\tes\TEST\klinik\framework\web\CWebApplication.php(282): CController->run('index')
#8 C:\Users\user\Desktop\tes\TEST\klinik\framework\web\CWebApplication.php(141): CWebApplication->runController('pasien/index')
#9 C:\Users\user\Desktop\tes\TEST\klinik\framework\base\CApplication.php(185): CWebApplication->processRequest()
#10 C:\Users\user\Desktop\tes\TEST\klinik\index.php(15): CApplication->run()
#11 {main}
REQUEST_URI=/pasien/index
HTTP_REFERER=http://localhost:8080/
---
2024/09/16 21:28:15 [error] [exception.CHttpException.403] CHttpException: You are not authorized to perform this action. in C:\Users\user\Desktop\tes\TEST\klinik\framework\web\auth\CAccessControlFilter.php:183
Stack trace:
#0 C:\Users\user\Desktop\tes\TEST\klinik\framework\web\auth\CAccessControlFilter.php(145): CAccessControlFilter->accessDenied(Object(CWebUser), 'You are not aut...')
#1 C:\Users\user\Desktop\tes\TEST\klinik\framework\web\filters\CFilter.php(38): CAccessControlFilter->preFilter(Object(CFilterChain))
#2 C:\Users\user\Desktop\tes\TEST\klinik\framework\web\CController.php(1148): CFilter->filter(Object(CFilterChain))
#3 C:\Users\user\Desktop\tes\TEST\klinik\framework\web\filters\CInlineFilter.php(58): CController->filterAccessControl(Object(CFilterChain))
#4 C:\Users\user\Desktop\tes\TEST\klinik\framework\web\filters\CFilterChain.php(131): CInlineFilter->filter(Object(CFilterChain))
#5 C:\Users\user\Desktop\tes\TEST\klinik\framework\web\CController.php(291): CFilterChain->run()
#6 C:\Users\user\Desktop\tes\TEST\klinik\framework\web\CController.php(265): CController->runActionWithFilters(Object(CInlineAction), Array)
#7 C:\Users\user\Desktop\tes\TEST\klinik\framework\web\CWebApplication.php(282): CController->run('index')
#8 C:\Users\user\Desktop\tes\TEST\klinik\framework\web\CWebApplication.php(141): CWebApplication->runController('pasien/index')
#9 C:\Users\user\Desktop\tes\TEST\klinik\framework\base\CApplication.php(185): CWebApplication->processRequest()
#10 C:\Users\user\Desktop\tes\TEST\klinik\index.php(15): CApplication->run()
#11 {main}
REQUEST_URI=/pasien/index
HTTP_REFERER=http://localhost:8080/
---
2024/09/16 21:38:39 [error] [exception.CException] CException: User and its behaviors do not have a method or closure named "hashPassword". in C:\Users\user\Desktop\tes\TEST\klinik\framework\base\CComponent.php:264
Stack trace:
#0 C:\Users\user\Desktop\tes\TEST\klinik\framework\db\ar\CActiveRecord.php(229): CComponent->__call('hashPassword', Array)
#1 C:\Users\user\Desktop\tes\TEST\klinik\protected\controllers\UserController.php(47): CActiveRecord->__call('hashPassword', Array)
#2 C:\Users\user\Desktop\tes\TEST\klinik\framework\web\actions\CInlineAction.php(49): UserController->actionRegister()
#3 C:\Users\user\Desktop\tes\TEST\klinik\framework\web\CController.php(308): CInlineAction->runWithParams(Array)
#4 C:\Users\user\Desktop\tes\TEST\klinik\framework\web\filters\CFilterChain.php(134): CController->runAction(Object(CInlineAction))
#5 C:\Users\user\Desktop\tes\TEST\klinik\framework\web\filters\CFilter.php(40): CFilterChain->run()
#6 C:\Users\user\Desktop\tes\TEST\klinik\framework\web\CController.php(1148): CFilter->filter(Object(CFilterChain))
#7 C:\Users\user\Desktop\tes\TEST\klinik\framework\web\filters\CInlineFilter.php(58): CController->filterAccessControl(Object(CFilterChain))
#8 C:\Users\user\Desktop\tes\TEST\klinik\framework\web\filters\CFilterChain.php(131): CInlineFilter->filter(Object(CFilterChain))
#9 C:\Users\user\Desktop\tes\TEST\klinik\framework\web\CController.php(291): CFilterChain->run()
#10 C:\Users\user\Desktop\tes\TEST\klinik\framework\web\CController.php(265): CController->runActionWithFilters(Object(CInlineAction), Array)
#11 C:\Users\user\Desktop\tes\TEST\klinik\framework\web\CWebApplication.php(282): CController->run('register')
#12 C:\Users\user\Desktop\tes\TEST\klinik\framework\web\CWebApplication.php(141): CWebApplication->runController('user/register')
#13 C:\Users\user\Desktop\tes\TEST\klinik\framework\base\CApplication.php(185): CWebApplication->processRequest()
#14 C:\Users\user\Desktop\tes\TEST\klinik\index.php(15): CApplication->run()
#15 {main}
REQUEST_URI=/user/register
HTTP_REFERER=http://localhost:8080/user/register
---
2024/09/17 07:59:56 [error] [exception.CDbException] CDbException: CDbConnection failed to open the DB connection: SQLSTATE[HY000] [2002] No connection could be made because the target machine actively refused it in C:\Users\user\Desktop\tes\TEST\klinik\framework\db\CDbConnection.php:399
Stack trace:
#0 C:\Users\user\Desktop\tes\TEST\klinik\framework\db\CDbConnection.php(347): CDbConnection->open()
#1 C:\Users\user\Desktop\tes\TEST\klinik\framework\db\CDbConnection.php(325): CDbConnection->setActive(true)
#2 C:\Users\user\Desktop\tes\TEST\klinik\framework\base\CModule.php(394): CDbConnection->init()
#3 C:\Users\user\Desktop\tes\TEST\klinik\framework\cli\commands\MigrateCommand.php(472): CModule->getComponent('db')
#4 C:\Users\user\Desktop\tes\TEST\klinik\framework\cli\commands\MigrateCommand.php(481): MigrateCommand->getDbConnection()
#5 C:\Users\user\Desktop\tes\TEST\klinik\framework\cli\commands\MigrateCommand.php(512): MigrateCommand->getMigrationHistory(-1)
#6 C:\Users\user\Desktop\tes\TEST\klinik\framework\cli\commands\MigrateCommand.php(84): MigrateCommand->getNewMigrations()
#7 [internal function]: MigrateCommand->actionUp(Array)
#8 C:\Users\user\Desktop\tes\TEST\klinik\framework\console\CConsoleCommand.php(177): ReflectionMethod->invokeArgs(Object(MigrateCommand), Array)
#9 C:\Users\user\Desktop\tes\TEST\klinik\framework\console\CConsoleCommandRunner.php(71): CConsoleCommand->run(Array)
#10 C:\Users\user\Desktop\tes\TEST\klinik\framework\console\CConsoleApplication.php(92): CConsoleCommandRunner->run(Array)
#11 C:\Users\user\Desktop\tes\TEST\klinik\framework\base\CApplication.php(185): CConsoleApplication->processRequest()
#12 C:\Users\user\Desktop\tes\TEST\klinik\framework\yiic.php(33): CApplication->run()
#13 C:\Users\user\Desktop\tes\TEST\klinik\protected\yiic.php(7): require_once('C:\\Users\\user\\D...')
#14 C:\Users\user\Desktop\tes\TEST\klinik\protected\yiic(4): require_once('C:\\Users\\user\\D...')
#15 {main}
---
2024/09/17 08:01:50 [error] [exception.CHttpException.403] CHttpException: You are not authorized to perform this action. in C:\Users\user\Desktop\tes\TEST\klinik\framework\web\auth\CAccessControlFilter.php:183
Stack trace:
#0 C:\Users\user\Desktop\tes\TEST\klinik\framework\web\auth\CAccessControlFilter.php(145): CAccessControlFilter->accessDenied(Object(CWebUser), 'You are not aut...')
#1 C:\Users\user\Desktop\tes\TEST\klinik\framework\web\filters\CFilter.php(38): CAccessControlFilter->preFilter(Object(CFilterChain))
#2 C:\Users\user\Desktop\tes\TEST\klinik\framework\web\CController.php(1148): CFilter->filter(Object(CFilterChain))
#3 C:\Users\user\Desktop\tes\TEST\klinik\framework\web\filters\CInlineFilter.php(58): CController->filterAccessControl(Object(CFilterChain))
#4 C:\Users\user\Desktop\tes\TEST\klinik\framework\web\filters\CFilterChain.php(131): CInlineFilter->filter(Object(CFilterChain))
#5 C:\Users\user\Desktop\tes\TEST\klinik\framework\web\CController.php(291): CFilterChain->run()
#6 C:\Users\user\Desktop\tes\TEST\klinik\framework\web\CController.php(265): CController->runActionWithFilters(Object(CInlineAction), Array)
#7 C:\Users\user\Desktop\tes\TEST\klinik\framework\web\CWebApplication.php(282): CController->run('index')
#8 C:\Users\user\Desktop\tes\TEST\klinik\framework\web\CWebApplication.php(141): CWebApplication->runController('pasien/index')
#9 C:\Users\user\Desktop\tes\TEST\klinik\framework\base\CApplication.php(185): CWebApplication->processRequest()
#10 C:\Users\user\Desktop\tes\TEST\klinik\index.php(15): CApplication->run()
#11 {main}
REQUEST_URI=/pasien/index
HTTP_REFERER=http://localhost:8080/
---
2024/09/17 08:01:57 [error] [exception.CHttpException.403] CHttpException: You are not authorized to perform this action. in C:\Users\user\Desktop\tes\TEST\klinik\framework\web\auth\CAccessControlFilter.php:183
Stack trace:
#0 C:\Users\user\Desktop\tes\TEST\klinik\framework\web\auth\CAccessControlFilter.php(145): CAccessControlFilter->accessDenied(Object(CWebUser), 'You are not aut...')
#1 C:\Users\user\Desktop\tes\TEST\klinik\framework\web\filters\CFilter.php(38): CAccessControlFilter->preFilter(Object(CFilterChain))
#2 C:\Users\user\Desktop\tes\TEST\klinik\framework\web\CController.php(1148): CFilter->filter(Object(CFilterChain))
#3 C:\Users\user\Desktop\tes\TEST\klinik\framework\web\filters\CInlineFilter.php(58): CController->filterAccessControl(Object(CFilterChain))
#4 C:\Users\user\Desktop\tes\TEST\klinik\framework\web\filters\CFilterChain.php(131): CInlineFilter->filter(Object(CFilterChain))
#5 C:\Users\user\Desktop\tes\TEST\klinik\framework\web\CController.php(291): CFilterChain->run()
#6 C:\Users\user\Desktop\tes\TEST\klinik\framework\web\CController.php(265): CController->runActionWithFilters(Object(CInlineAction), Array)
#7 C:\Users\user\Desktop\tes\TEST\klinik\framework\web\CWebApplication.php(282): CController->run('index')
#8 C:\Users\user\Desktop\tes\TEST\klinik\framework\web\CWebApplication.php(141): CWebApplication->runController('pegawai/index')
#9 C:\Users\user\Desktop\tes\TEST\klinik\framework\base\CApplication.php(185): CWebApplication->processRequest()
#10 C:\Users\user\Desktop\tes\TEST\klinik\index.php(15): CApplication->run()
#11 {main}
REQUEST_URI=/pegawai/index
HTTP_REFERER=http://localhost:8080/
---
